<?xml version="1.0" encoding="UTF-8" ?>
<testsuite 
errors="0" failures="0" hostname="tomasFartariaPC.local" name="com.datamountaineer.streamreactor.connect.azure.documentdb.sink.KeysExtractorTest" tests="9" time="0.066" timestamp="2017-04-11T09:42:12">
  <properties>
    <property name="java.runtime.name" value="Java(TM) SE Runtime Environment">
    </property>
    <property 
    name="sun.boot.library.path" value="/Library/Java/JavaVirtualMachines/jdk1.8.0_111.jdk/Contents/Home/jre/lib">
</property>
    <property name="java.vm.version" value="25.111-b14"> </property>
    <property name="gopherProxySet" value="false"> </property>
    <property name="java.vm.vendor" value="Oracle Corporation"> </property>
    <property name="java.vendor.url" value="http://java.oracle.com/">
    </property>
    <property name="path.separator" value=":"> </property>
    <property name="java.vm.name" value="Java HotSpot(TM) 64-Bit Server VM">
    </property>
    <property name="file.encoding.pkg" value="sun.io"> </property>
    <property name="user.country" value="US"> </property>
    <property name="sun.java.launcher" value="SUN_STANDARD"> </property>
    <property name="sun.os.patch.level" value="unknown"> </property>
    <property 
    name="java.vm.specification.name" value="Java Virtual Machine Specification">
</property>
    <property 
    name="user.dir" value="/Users/tomasfartaria/gits/stream-reactor/kafka-connect-azure-documentdb">
</property>
    <property name="java.runtime.version" value="1.8.0_111-b14"> </property>
    <property name="java.awt.graphicsenv" value="sun.awt.CGraphicsEnvironment">
    </property>
    <property 
    name="java.endorsed.dirs" value="/Library/Java/JavaVirtualMachines/jdk1.8.0_111.jdk/Contents/Home/jre/lib/endorsed">
</property>
    <property name="os.arch" value="x86_64"> </property>
    <property 
    name="java.io.tmpdir" value="/var/folders/48/lvg7_m3s15dc6f_xd9mtqxd00000gp/T/">
</property>
    <property name="line.separator" value=" "> </property>
    <property name="java.vm.specification.vendor" value="Oracle Corporation">
    </property>
    <property name="user.variant" value=""> </property>
    <property name="os.name" value="Mac OS X"> </property>
    <property name="sun.jnu.encoding" value="UTF-8"> </property>
    <property 
    name="java.library.path" value="/Users/tomasfartaria/Library/Java/Extensions:/Library/Java/Extensions:/Network/Library/Java/Extensions:/System/Library/Java/Extensions:/usr/lib/java:.">
</property>
    <property 
    name="java.specification.name" value="Java Platform API Specification">
</property>
    <property name="java.class.version" value="52.0"> </property>
    <property 
    name="sun.management.compiler" value="HotSpot 64-Bit Tiered Compilers">
</property>
    <property name="os.version" value="10.12.3"> </property>
    <property 
    name="http.nonProxyHosts" value="local|*.local|169.254/16|*.169.254/16">
</property>
    <property name="user.home" value="/Users/tomasfartaria"> </property>
    <property name="user.timezone" value=""> </property>
    <property name="java.awt.printerjob" value="sun.lwawt.macosx.CPrinterJob">
    </property>
    <property name="file.encoding" value="UTF-8"> </property>
    <property name="java.specification.version" value="1.8"> </property>
    <property name="user.name" value="tomasfartaria"> </property>
    <property 
    name="java.class.path" value="/Users/tomasfartaria/gits/stream-reactor/kafka-connect-azure-documentdb/build/classes/test:/Users/tomasfartaria/gits/stream-reactor/kafka-connect-azure-documentdb/build/resources/test:/Users/tomasfartaria/gits/stream-reactor/kafka-connect-azure-documentdb/build/classes/main:/Users/tomasfartaria/gits/stream-reactor/kafka-connect-azure-documentdb/build/resources/main:/Users/tomasfartaria/.m2/repository/org/scala-lang/scala-compiler/2.11.7/scala-compiler-2.11.7.jar:/Users/tomasfartaria/.gradle/caches/modules-2/files-2.1/com.typesafe.scala-logging/scala-logging-slf4j_2.11/2.1.2/7628485be79eacac9e7f19bf049f581394d45ea3/scala-logging-slf4j_2.11-2.1.2.jar:/Users/tomasfartaria/.gradle/caches/modules-2/files-2.1/com.datamountaineer/kcql/1.0.0/b6dcb3c69ddcbdd41f669cbc7827fb5d723815b9/kcql-1.0.0.jar:/Users/tomasfartaria/.gradle/caches/modules-2/files-2.1/com.datamountaineer/kafka-connect-common/0.7.4/8f3a222651642173fc456bc41f9ff705037068ff/kafka-connect-common-0.7.4.jar:/Users/tomasfartaria/.gradle/caches/modules-2/files-2.1/org.apache.kafka/connect-json/0.10.2.0/7d947a002a6fb1d7a339f8daef3ec6e349db4762/connect-json-0.10.2.0.jar:/Users/tomasfartaria/.gradle/caches/modules-2/files-2.1/io.confluent/kafka-connect-avro-converter/3.2.0/5361028f838d4ace87eef5bb1732f38e8882a00/kafka-connect-avro-converter-3.2.0.jar:/Users/tomasfartaria/.gradle/caches/modules-2/files-2.1/io.confluent/kafka-schema-registry/3.2.0/143bea09c374e1197cf5aa1811faf2c1c2c14b33/kafka-schema-registry-3.2.0.jar:/Users/tomasfartaria/.gradle/caches/modules-2/files-2.1/com.microsoft.azure/azure-documentdb/1.9.5/40d3dd3296de10290a1564b62abdbb7f1c37d8a2/azure-documentdb-1.9.5.jar:/Users/tomasfartaria/.gradle/caches/modules-2/files-2.1/org.scalacheck/scalacheck_2.11/1.11.1/d04ac8723f9983164275bd0befd8ac30dfc35538/scalacheck_2.11-1.11.1.jar:/Users/tomasfartaria/.gradle/caches/modules-2/files-2.1/com.datamountaineer/kafka-testkit/0.5/5c20feee27c636096f9002797fe55ab2d629fe7c/kafka-testkit-0.5.jar:/Users/tomasfartaria/.gradle/caches/modules-2/files-2.1/org.pegdown/pegdown/1.1.0/bcc0c5b025b09ab85bb80a8311ce5c015d005b/pegdown-1.1.0.jar:/Users/tomasfartaria/.m2/repository/org/scala-lang/modules/scala-parser-combinators_2.11/1.0.4/scala-parser-combinators_2.11-1.0.4.jar:/Users/tomasfartaria/.gradle/caches/modules-2/files-2.1/com.typesafe.scala-logging/scala-logging-api_2.11/2.1.2/fed5521041c26b8c1daa2d5e5dc5f01b9bde4fe6/scala-logging-api_2.11-2.1.2.jar:/Users/tomasfartaria/.gradle/caches/modules-2/files-2.1/org.antlr/antlr4-runtime/4.6/eea6f8cd6f36208355dc2c0a8775503b907ce73/antlr4-runtime-4.6.jar:/Users/tomasfartaria/.gradle/caches/modules-2/files-2.1/org.json4s/json4s-jackson_2.11/3.4.1/35ba5cf034a573f78b04621e7bdbcdb156c8db8f/json4s-jackson_2.11-3.4.1.jar:/Users/tomasfartaria/.gradle/caches/modules-2/files-2.1/org.apache.kafka/connect-api/0.10.2.0/bb7f0a7e61529f498115fea86ed61501fea5853f/connect-api-0.10.2.0.jar:/Users/tomasfartaria/.gradle/caches/modules-2/files-2.1/com.fasterxml.jackson.core/jackson-databind/2.8.5/b3035f37e674c04dafe36a660c3815cc59f764e2/jackson-databind-2.8.5.jar:/Users/tomasfartaria/.gradle/caches/modules-2/files-2.1/io.confluent/kafka-avro-serializer/3.2.0/c1d19d631050b4892d821494772968e7010fdf8a/kafka-avro-serializer-3.2.0.jar:/Users/tomasfartaria/.gradle/caches/modules-2/files-2.1/io.confluent/kafka-schema-registry-client/3.2.0/d2f1721255d16eae5db348298b306c9581bb7f59/kafka-schema-registry-client-3.2.0.jar:/Users/tomasfartaria/.gradle/caches/modules-2/files-2.1/io.confluent/common-config/3.2.0/838f677953e270caade5ea2f1465515b1ec8d16b/common-config-3.2.0.jar:/Users/tomasfartaria/.gradle/caches/modules-2/files-2.1/io.confluent/common-utils/3.2.0/556acd41188383b202d7e8d9e2af2224c4b27990/common-utils-3.2.0.jar:/Users/tomasfartaria/.gradle/caches/modules-2/files-2.1/org.glassfish.jersey.ext/jersey-bean-validation/2.19/8a531e04c39bbbbd1d8ebc40bad30c92e50ce907/jersey-bean-validation-2.19.jar:/Users/tomasfartaria/.gradle/caches/modules-2/files-2.1/io.confluent/rest-utils/3.2.0/e57574a299b489bbb72b43558ff8823437f8d718/rest-utils-3.2.0.jar:/Users/tomasfartaria/.m2/repository/org/codehaus/jackson/jackson-core-asl/1.9.13/jackson-core-asl-1.9.13.jar:/Users/tomasfartaria/.m2/repository/org/codehaus/jackson/jackson-mapper-asl/1.9.13/jackson-mapper-asl-1.9.13.jar:/Users/tomasfartaria/.gradle/caches/modules-2/files-2.1/org.json/json/20140107/d1ffca6e2482b002702c6a576166fd685e3370e3/json-20140107.jar:/Users/tomasfartaria/.gradle/caches/modules-2/files-2.1/org.apache.commons/commons-lang3/3.3.2/90a3822c38ec8c996e84c16a3477ef632cbc87a3/commons-lang3-3.3.2.jar:/Users/tomasfartaria/.gradle/caches/modules-2/files-2.1/org.apache.httpcomponents/httpclient/4.5.2/733db77aa8d9b2d68015189df76ab06304406e50/httpclient-4.5.2.jar:/Users/tomasfartaria/.gradle/caches/modules-2/files-2.1/org.scala-sbt/test-interface/1.0/a3f14d010c4cb32071f863d97291df31603b521/test-interface-1.0.jar:/Users/tomasfartaria/.m2/repository/org/hamcrest/hamcrest-core/1.3/hamcrest-core-1.3.jar:/Users/tomasfartaria/.gradle/caches/modules-2/files-2.1/org.apache.curator/curator-test/2.9.0/cf64c207c638458c331f63c7d15b6aab8c2e9417/curator-test-2.9.0.jar:/Users/tomasfartaria/.gradle/caches/modules-2/files-2.1/org.parboiled/parboiled-core/1.0.2/7f8abb816e828aae4731f1cd78f9b14746d5102f/parboiled-core-1.0.2.jar:/Users/tomasfartaria/.gradle/caches/modules-2/files-2.1/org.parboiled/parboiled-java/1.0.2/bf1cbdf55395bb4c97e5ba3bf363897f1f7af643/parboiled-java-1.0.2.jar:/Users/tomasfartaria/.gradle/caches/modules-2/files-2.1/org.json4s/json4s-core_2.11/3.4.1/6c98ba36d14b4221b7705e77cc91f595d1fb7e43/json4s-core_2.11-3.4.1.jar:/Users/tomasfartaria/.gradle/caches/modules-2/files-2.1/org.glassfish.hk2.external/javax.inject/2.4.0-b25/e0ce2f6a86fcbec80acbf0d3aca9e348be74e950/javax.inject-2.4.0-b25.jar:/Users/tomasfartaria/.gradle/caches/modules-2/files-2.1/org.glassfish.jersey.core/jersey-common/2.19/8f9cbcfa71d324d9004134a86c15a124fc22fabb/jersey-common-2.19.jar:/Users/tomasfartaria/.gradle/caches/modules-2/files-2.1/org.glassfish.jersey.core/jersey-server/2.19/e8be95119e9cee86f9ddbc95827a023b65351a87/jersey-server-2.19.jar:/Users/tomasfartaria/.gradle/caches/modules-2/files-2.1/javax.validation/validation-api/1.1.0.Final/8613ae82954779d518631e05daa73a6a954817d5/validation-api-1.1.0.Final.jar:/Users/tomasfartaria/.gradle/caches/modules-2/files-2.1/org.hibernate/hibernate-validator/5.1.2.Final/8aecb33d3587f32c877827c2bdddae0d227a40ed/hibernate-validator-5.1.2.Final.jar:/Users/tomasfartaria/.gradle/caches/modules-2/files-2.1/javax.el/javax.el-api/2.2.4/1287562cc3f0ff5439ded6f2949e73ce1c0edaab/javax.el-api-2.2.4.jar:/Users/tomasfartaria/.gradle/caches/modules-2/files-2.1/org.glassfish.web/javax.el/2.2.4/a50914ff519682e185bca4385b4313b8c8a81775/javax.el-2.2.4.jar:/Users/tomasfartaria/.gradle/caches/modules-2/files-2.1/javax.ws.rs/javax.ws.rs-api/2.0.1/104e9c2b5583cfcfeac0402316221648d6d8ea6b/javax.ws.rs-api-2.0.1.jar:/Users/tomasfartaria/.gradle/caches/modules-2/files-2.1/io.confluent/common-metrics/3.2.0/58cb45c9cbf5139a26c10f170f478c6d3191d3a2/common-metrics-3.2.0.jar:/Users/tomasfartaria/.gradle/caches/modules-2/files-2.1/org.glassfish.jersey.containers/jersey-container-servlet/2.19/1650ded636f994f82b975d2e6d147b752aba2fd9/jersey-container-servlet-2.19.jar:/Users/tomasfartaria/.gradle/caches/modules-2/files-2.1/org.eclipse.jetty/jetty-jmx/9.2.12.v20150709/8bc0288abba26dbbf4e9225d6fe6fa6348f8da05/jetty-jmx-9.2.12.v20150709.jar:/Users/tomasfartaria/.gradle/caches/modules-2/files-2.1/org.eclipse.jetty/jetty-server/9.2.12.v20150709/8c90ceffb6954385b024899d334192947d0e4077/jetty-server-9.2.12.v20150709.jar:/Users/tomasfartaria/.gradle/caches/modules-2/files-2.1/org.eclipse.jetty/jetty-servlet/9.2.12.v20150709/50116cac18ad893c9628f0a1984390464b133921/jetty-servlet-9.2.12.v20150709.jar:/Users/tomasfartaria/.gradle/caches/modules-2/files-2.1/org.eclipse.jetty/jetty-servlets/9.2.12.v20150709/a1f9e7874e1db2f664213f524463d12bd5ab5db4/jetty-servlets-9.2.12.v20150709.jar:/Users/tomasfartaria/.gradle/caches/modules-2/files-2.1/org.eclipse.jetty/jetty-jaas/9.2.12.v20150709/2f7b4b8991ea765baabc25a679f77460aa70c3f9/jetty-jaas-9.2.12.v20150709.jar:/Users/tomasfartaria/.gradle/caches/modules-2/files-2.1/com.fasterxml.jackson.jaxrs/jackson-jaxrs-json-provider/2.5.4/1c32a260754c3b13adcea6cc92259a78137751b6/jackson-jaxrs-json-provider-2.5.4.jar:/Users/tomasfartaria/.gradle/caches/modules-2/files-2.1/com.fasterxml.jackson.jaxrs/jackson-jaxrs-base/2.5.4/8af261181ae4fb16ccce5e116fa25bc3143785b8/jackson-jaxrs-base-2.5.4.jar:/Users/tomasfartaria/.m2/repository/log4j/log4j/1.2.17/log4j-1.2.17.jar:/Users/tomasfartaria/.gradle/caches/modules-2/files-2.1/commons-logging/commons-logging/1.2/4bfc12adfe4842bf07b657f0369c4cb522955686/commons-logging-1.2.jar:/Users/tomasfartaria/.gradle/caches/modules-2/files-2.1/commons-codec/commons-codec/1.9/9ce04e34240f674bc72680f8b843b1457383161a/commons-codec-1.9.jar:/Users/tomasfartaria/.gradle/caches/modules-2/files-2.1/org.javassist/javassist/3.18.1-GA/d9a09f7732226af26bf99f19e2cffe0ae219db5b/javassist-3.18.1-GA.jar:/Users/tomasfartaria/.gradle/caches/modules-2/files-2.1/org.apache.commons/commons-math/2.2/4877b85d388275f994a5cfc7eceb73a8045d3006/commons-math-2.2.jar:/Users/tomasfartaria/.m2/repository/com/google/guava/guava/16.0.1/guava-16.0.1.jar:/Users/tomasfartaria/.m2/repository/asm/asm/3.3.1/asm-3.3.1.jar:/Users/tomasfartaria/.gradle/caches/modules-2/files-2.1/asm/asm-util/3.3.1/d891b52ddd9a06f0fa73c1f53c334145e23b6514/asm-util-3.3.1.jar:/Users/tomasfartaria/.gradle/caches/modules-2/files-2.1/asm/asm-tree/3.3.1/c9723d887e26c3049944e46312bb39e7ab1a2ed2/asm-tree-3.3.1.jar:/Users/tomasfartaria/.gradle/caches/modules-2/files-2.1/asm/asm-analysis/3.3.1/6a42d88a6a2866c511a9246af325234279a50d12/asm-analysis-3.3.1.jar:/Users/tomasfartaria/.gradle/caches/modules-2/files-2.1/org.json4s/json4s-ast_2.11/3.4.1/eed6e9167ff8f8d686cb36508e15da8cf5d01376/json4s-ast_2.11-3.4.1.jar:/Users/tomasfartaria/.gradle/caches/modules-2/files-2.1/org.json4s/json4s-scalap_2.11/3.4.1/a68e24ba41709b768e39393dc9627d6d3e762561/json4s-scalap_2.11-3.4.1.jar:/Users/tomasfartaria/.gradle/caches/modules-2/files-2.1/javax.annotation/javax.annotation-api/1.2/479c1e06db31c432330183f5cae684163f186146/javax.annotation-api-1.2.jar:/Users/tomasfartaria/.gradle/caches/modules-2/files-2.1/org.glassfish.jersey.bundles.repackaged/jersey-guava/2.19/f0fd5ea29c2b6c614d9e7016a75fe7a01e4c9887/jersey-guava-2.19.jar:/Users/tomasfartaria/.gradle/caches/modules-2/files-2.1/org.glassfish.hk2/hk2-api/2.4.0-b25/be7693579fcb1184455e06238c8652a4c2645d95/hk2-api-2.4.0-b25.jar:/Users/tomasfartaria/.gradle/caches/modules-2/files-2.1/org.glassfish.hk2/hk2-locator/2.4.0-b25/89ee38141b06c712f0f3caa1ca08590ce80c71f6/hk2-locator-2.4.0-b25.jar:/Users/tomasfartaria/.gradle/caches/modules-2/files-2.1/org.glassfish.hk2/osgi-resource-locator/1.0.1/4ed2b2d4738aed5786cfa64cba5a332779c4c708/osgi-resource-locator-1.0.1.jar:/Users/tomasfartaria/.gradle/caches/modules-2/files-2.1/org.glassfish.jersey.core/jersey-client/2.19/b6bf1e6991be31e1067c6ac9672330c0a946116d/jersey-client-2.19.jar:/Users/tomasfartaria/.gradle/caches/modules-2/files-2.1/org.glassfish.jersey.media/jersey-media-jaxb/2.19/c4b4a3de6e6ae85473316c9395eb5913bfe90d1f/jersey-media-jaxb-2.19.jar:/Users/tomasfartaria/.gradle/caches/modules-2/files-2.1/org.jboss.logging/jboss-logging/3.1.3.GA/64499e907f19e5e1b3fdc02f81440c1832fe3545/jboss-logging-3.1.3.GA.jar:/Users/tomasfartaria/.gradle/caches/modules-2/files-2.1/com.fasterxml/classmate/1.0.0/434efef28c81162b17c540e634cffa3bd9b09b4c/classmate-1.0.0.jar:/Users/tomasfartaria/.gradle/caches/modules-2/files-2.1/org.glassfish.jersey.containers/jersey-container-servlet-core/2.19/4da2f11fa267f6f6d0a7d0625b8ad24acaf12209/jersey-container-servlet-core-2.19.jar:/Users/tomasfartaria/.gradle/caches/modules-2/files-2.1/org.eclipse.jetty/jetty-util/9.2.12.v20150709/d99d38adfdb5ec677643f04fa862554b0bb8b42e/jetty-util-9.2.12.v20150709.jar:/Users/tomasfartaria/.gradle/caches/modules-2/files-2.1/javax.servlet/javax.servlet-api/3.1.0/3cd63d075497751784b2fa84be59432f4905bf7c/javax.servlet-api-3.1.0.jar:/Users/tomasfartaria/.gradle/caches/modules-2/files-2.1/org.eclipse.jetty/jetty-http/9.2.12.v20150709/9a6c83f52c70c28e2272d83866b4111cd15ddbc5/jetty-http-9.2.12.v20150709.jar:/Users/tomasfartaria/.gradle/caches/modules-2/files-2.1/org.eclipse.jetty/jetty-io/9.2.12.v20150709/c02e9e303d231a589e0c8866c1ee89bcdeb40a55/jetty-io-9.2.12.v20150709.jar:/Users/tomasfartaria/.gradle/caches/modules-2/files-2.1/org.eclipse.jetty/jetty-security/9.2.12.v20150709/9ace95998fbaae8425b2621c90230a229a554784/jetty-security-9.2.12.v20150709.jar:/Users/tomasfartaria/.gradle/caches/modules-2/files-2.1/org.eclipse.jetty/jetty-continuation/9.2.12.v20150709/578cb87b78b71eeda91f5dfa3e8bfbafb55cced/jetty-continuation-9.2.12.v20150709.jar:/Users/tomasfartaria/.gradle/caches/modules-2/files-2.1/com.fasterxml.jackson.module/jackson-module-jaxb-annotations/2.5.4/52c516db26a89b726a1351f7f24347c640204343/jackson-module-jaxb-annotations-2.5.4.jar:/Users/tomasfartaria/.m2/repository/jline/jline/0.9.94/jline-0.9.94.jar:/Users/tomasfartaria/.gradle/caches/modules-2/files-2.1/org.glassfish.hk2/hk2-utils/2.4.0-b25/da0631bf28e14381c117779bb3c518f366813481/hk2-utils-2.4.0-b25.jar:/Users/tomasfartaria/.gradle/caches/modules-2/files-2.1/org.glassfish.hk2.external/aopalliance-repackaged/2.4.0-b25/3316675bccd4e0ca9e58c2bf150c6410bc98910a/aopalliance-repackaged-2.4.0-b25.jar:/Users/tomasfartaria/.gradle/caches/modules-2/files-2.1/javax.inject/javax.inject/1/6975da39a7040257bd51d21a231b76c915872d38/javax.inject-1.jar:/Users/tomasfartaria/.gradle/caches/modules-2/files-2.1/org.scalatest/scalatest_2.11/3.0.1/40a1842e7f0b915d87de1cb69f9c6962a65ee1fd/scalatest_2.11-3.0.1.jar:/Users/tomasfartaria/.gradle/caches/modules-2/files-2.1/org.scalactic/scalactic_2.11/3.0.1/3c444d143879dc172fa555cea08fd0de6fa2f34f/scalactic_2.11-3.0.1.jar:/Users/tomasfartaria/.gradle/caches/modules-2/files-2.1/org.mockito/mockito-core/2.7.7/9375d3a76d9884370500f2597cac5f1f72fa8eed/mockito-core-2.7.7.jar:/Users/tomasfartaria/.gradle/caches/modules-2/files-2.1/net.bytebuddy/byte-buddy/1.6.5/25cf61dea06b7402a91bd8435af4ecfc0dd5935b/byte-buddy-1.6.5.jar:/Users/tomasfartaria/.gradle/caches/modules-2/files-2.1/net.bytebuddy/byte-buddy-agent/1.6.5/1a1e2189a7dcca6e861a4d71ffbda621f74072d6/byte-buddy-agent-1.6.5.jar:/Users/tomasfartaria/.gradle/caches/modules-2/files-2.1/org.objenesis/objenesis/2.5/612ecb799912ccf77cba9b3ed8c813da086076e9/objenesis-2.5.jar:/Users/tomasfartaria/.gradle/caches/modules-2/files-2.1/org.scala-lang/scala-library/2.11.8/ddd5a8bced249bedd86fb4578a39b9fb71480573/scala-library-2.11.8.jar:/Users/tomasfartaria/.m2/repository/org/scala-lang/scala-reflect/2.11.8/scala-reflect-2.11.8.jar:/Users/tomasfartaria/.gradle/caches/modules-2/files-2.1/com.sksamuel.avro4s/avro4s-core_2.11/1.6.2/17651996ab6abd479ef804a07271e799b8dba507/avro4s-core_2.11-1.6.2.jar:/Users/tomasfartaria/.gradle/caches/modules-2/files-2.1/com.sksamuel.avro4s/avro4s-macros_2.11/1.6.2/3bf031c2aff2310c6be8d2408643bda623ea2776/avro4s-macros_2.11-1.6.2.jar:/Users/tomasfartaria/.m2/repository/com/chuusai/shapeless_2.11/2.3.1/shapeless_2.11-2.3.1.jar:/Users/tomasfartaria/.m2/repository/org/typelevel/macro-compat_2.11/1.1.1/macro-compat_2.11-1.1.1.jar:/Users/tomasfartaria/.gradle/caches/modules-2/files-2.1/org.json4s/json4s-native_2.11/3.4.1/e84190be9ac9c4f66874fdde5620ea44f4a43fbb/json4s-native_2.11-3.4.1.jar:/Users/tomasfartaria/.m2/repository/org/slf4j/slf4j-api/1.7.21/slf4j-api-1.7.21.jar:/Users/tomasfartaria/.m2/repository/junit/junit/4.12/junit-4.12.jar:/Users/tomasfartaria/.gradle/caches/modules-2/files-2.1/org.apache.kafka/kafka_2.11/0.10.2.0/1340a7ab7db442bc00be7eac85c395555347e5f1/kafka_2.11-0.10.2.0.jar:/Users/tomasfartaria/.gradle/caches/modules-2/files-2.1/org.apache.kafka/kafka_2.11/0.10.2.0/6ccefda962770dcc94350288bd0b56be9e266395/kafka_2.11-0.10.2.0-test.jar:/Users/tomasfartaria/.gradle/caches/modules-2/files-2.1/net.sf.jopt-simple/jopt-simple/5.0.3/cdd846cfc4e0f7eefafc02c0f5dce32b9303aa2a/jopt-simple-5.0.3.jar:/Users/tomasfartaria/.m2/repository/com/yammer/metrics/metrics-core/2.2.0/metrics-core-2.2.0.jar:/Users/tomasfartaria/.gradle/caches/modules-2/files-2.1/org.apache.kafka/kafka-clients/0.10.2.0/c20571ff756fcf8f4a7f76fc7b23707a4c14a67d/kafka-clients-0.10.2.0.jar:/Users/tomasfartaria/.gradle/caches/modules-2/files-2.1/org.apache.kafka/kafka-clients/0.10.2.0/32bc203617ebd2f0802c85b91bb241dbe72faa7f/kafka-clients-0.10.2.0-test.jar:/Users/tomasfartaria/.m2/repository/net/jpountz/lz4/lz4/1.3.0/lz4-1.3.0.jar:/Users/tomasfartaria/.gradle/caches/modules-2/files-2.1/com.101tec/zkclient/0.10/c54d4b5a5e89af75a80b6d5857400165ce5188d0/zkclient-0.10.jar:/Users/tomasfartaria/.gradle/caches/modules-2/files-2.1/org.apache.httpcomponents/httpcore/4.4.4/b31526a230871fbe285fbcbe2813f9c0839ae9b0/httpcore-4.4.4.jar:/Users/tomasfartaria/.gradle/caches/modules-2/files-2.1/com.thoughtworks.paranamer/paranamer/2.8/619eba74c19ccf1da8ebec97a2d7f8ba05773dd6/paranamer-2.8.jar:/Users/tomasfartaria/.gradle/caches/modules-2/files-2.1/org.scala-lang.modules/scala-xml_2.11/1.0.5/77ac9be4033768cf03cc04fbd1fc5e5711de2459/scala-xml_2.11-1.0.5.jar:/Users/tomasfartaria/.gradle/caches/modules-2/files-2.1/org.apache.avro/avro/1.8.1/f4e11d00055760dca33daab193192bd75cc87b59/avro-1.8.1.jar:/Users/tomasfartaria/.gradle/caches/modules-2/files-2.1/com.fasterxml.jackson.core/jackson-annotations/2.8.0/45b426f7796b741035581a176744d91090e2e6fb/jackson-annotations-2.8.0.jar:/Users/tomasfartaria/.gradle/caches/modules-2/files-2.1/com.fasterxml.jackson.core/jackson-core/2.8.5/60d059f5d2930ccd1ef03535b713fd9f933d1ba7/jackson-core-2.8.5.jar:/Users/tomasfartaria/.gradle/caches/modules-2/files-2.1/org.slf4j/slf4j-log4j12/1.7.21/7238b064d1aba20da2ac03217d700d91e02460fa/slf4j-log4j12-1.7.21.jar:/Users/tomasfartaria/.gradle/caches/modules-2/files-2.1/org.apache.zookeeper/zookeeper/3.4.9/cbd9135689d6622a411e1e9b0ce880b502be5277/zookeeper-3.4.9.jar:/Users/tomasfartaria/.gradle/caches/modules-2/files-2.1/org.xerial.snappy/snappy-java/1.1.2.6/48d92871ca286a47f230feb375f0bbffa83b85f6/snappy-java-1.1.2.6.jar:/Users/tomasfartaria/.gradle/caches/modules-2/files-2.1/org.apache.commons/commons-compress/1.8.1/a698750c16740fd5b3871425f4cb3bbaa87f529d/commons-compress-1.8.1.jar:/Users/tomasfartaria/.gradle/caches/modules-2/files-2.1/org.tukaani/xz/1.5/9c64274b7dbb65288237216e3fae7877fd3f2bee/xz-1.5.jar:/Users/tomasfartaria/.gradle/caches/modules-2/files-2.1/io.netty/netty/3.10.5.Final/9ca7d55d246092bddd29b867706e2f6c7db701a0/netty-3.10.5.Final.jar">
</property>
    <property name="java.vm.specification.version" value="1.8"> </property>
    <property name="sun.arch.data.model" value="64"> </property>
    <property 
    name="java.home" value="/Library/Java/JavaVirtualMachines/jdk1.8.0_111.jdk/Contents/Home/jre">
</property>
    <property 
    name="sun.java.command" value="org.scalatest.tools.Runner -oDS -PS1 -R /Users/tomasfartaria/gits/stream-reactor/kafka-connect-azure-documentdb/build/classes/test -u /Users/tomasfartaria/gits/stream-reactor/kafka-connect-azure-documentdb/build/test-results/test -h /Users/tomasfartaria/gits/stream-reactor/kafka-connect-azure-documentdb/build/reports/tests/test">
</property>
    <property name="java.specification.vendor" value="Oracle Corporation">
    </property>
    <property name="user.language" value="en"> </property>
    <property name="awt.toolkit" value="sun.lwawt.macosx.LWCToolkit">
    </property>
    <property name="java.vm.info" value="mixed mode"> </property>
    <property name="java.version" value="1.8.0_111"> </property>
    <property 
    name="java.ext.dirs" value="/Users/tomasfartaria/Library/Java/Extensions:/Library/Java/JavaVirtualMachines/jdk1.8.0_111.jdk/Contents/Home/jre/lib/ext:/Library/Java/Extensions:/Network/Library/Java/Extensions:/System/Library/Java/Extensions:/usr/lib/java">
</property>
    <property 
    name="sun.boot.class.path" value="/Library/Java/JavaVirtualMachines/jdk1.8.0_111.jdk/Contents/Home/jre/lib/resources.jar:/Library/Java/JavaVirtualMachines/jdk1.8.0_111.jdk/Contents/Home/jre/lib/rt.jar:/Library/Java/JavaVirtualMachines/jdk1.8.0_111.jdk/Contents/Home/jre/lib/sunrsasign.jar:/Library/Java/JavaVirtualMachines/jdk1.8.0_111.jdk/Contents/Home/jre/lib/jsse.jar:/Library/Java/JavaVirtualMachines/jdk1.8.0_111.jdk/Contents/Home/jre/lib/jce.jar:/Library/Java/JavaVirtualMachines/jdk1.8.0_111.jdk/Contents/Home/jre/lib/charsets.jar:/Library/Java/JavaVirtualMachines/jdk1.8.0_111.jdk/Contents/Home/jre/lib/jfr.jar:/Library/Java/JavaVirtualMachines/jdk1.8.0_111.jdk/Contents/Home/jre/classes">
</property>
    <property name="java.vendor" value="Oracle Corporation"> </property>
    <property name="file.separator" value="/"> </property>
    <property 
    name="java.vendor.url.bug" value="http://bugreport.sun.com/bugreport/">
</property>
    <property name="sun.cpu.endian" value="little"> </property>
    <property name="sun.io.unicode.encoding" value="UnicodeBig"> </property>
    <property 
    name="socksNonProxyHosts" value="local|*.local|169.254/16|*.169.254/16">
</property>
    <property 
    name="ftp.nonProxyHosts" value="local|*.local|169.254/16|*.169.254/16">
</property>
    <property name="sun.cpu.isalist" value=""> </property>
  </properties>
  <testcase 
  name="KeysExtractor should extract keys from JSON" classname="com.datamountaineer.streamreactor.connect.azure.documentdb.sink.KeysExtractorTest" time="0.002">
</testcase>
  <testcase 
  name="KeysExtractor should throw exception when extracting the keys from JSON" classname="com.datamountaineer.streamreactor.connect.azure.documentdb.sink.KeysExtractorTest" time="0.001">
</testcase>
  <testcase 
  name="KeysExtractor should extract keys from a Map" classname="com.datamountaineer.streamreactor.connect.azure.documentdb.sink.KeysExtractorTest" time="0.013">
</testcase>
  <testcase 
  name="KeysExtractor should extract keys from a Map should throw an exception if the key is another map" classname="com.datamountaineer.streamreactor.connect.azure.documentdb.sink.KeysExtractorTest" time="0.009">
</testcase>
  <testcase 
  name="KeysExtractor should extract keys from a Map should throw an exception if the key is an array" classname="com.datamountaineer.streamreactor.connect.azure.documentdb.sink.KeysExtractorTest" time="0.001">
</testcase>
  <testcase 
  name="KeysExtractor should extract from a struct" classname="com.datamountaineer.streamreactor.connect.azure.documentdb.sink.KeysExtractorTest" time="0.03">
</testcase>
  <testcase 
  name="KeysExtractor should extract from a struct should throw an exception if a key is an array" classname="com.datamountaineer.streamreactor.connect.azure.documentdb.sink.KeysExtractorTest" time="0.002">
</testcase>
  <testcase 
  name="KeysExtractor should extract from a struct should throw an exception if a key is a map" classname="com.datamountaineer.streamreactor.connect.azure.documentdb.sink.KeysExtractorTest" time="0.002">
</testcase>
  <testcase 
  name="KeysExtractor should extract from a struct should throw an exception if a key is a struct" classname="com.datamountaineer.streamreactor.connect.azure.documentdb.sink.KeysExtractorTest" time="0.004">
</testcase>
  <system-out><![CDATA[]]></system-out>
  <system-err><![CDATA[]]></system-err>
</testsuite>
